{"@timestamp":"2025-03-21T05:28:13.357Z","ecs.version":"1.2.0","log.level":"INFO","message":"This will run for configure the resources","process.thread.name":"main","log.logger":"utilities.Log"}
{"@timestamp":"2025-03-21T05:28:13.727Z","ecs.version":"1.2.0","log.level":"INFO","message":"Report start generated","process.thread.name":"main","log.logger":"utilities.Log"}
{"@timestamp":"2025-03-21T05:30:28.439Z","ecs.version":"1.2.0","log.level":"INFO","message":"This will run for configure the resources","process.thread.name":"main","log.logger":"utilities.Log"}
{"@timestamp":"2025-03-21T05:31:05.290Z","ecs.version":"1.2.0","log.level":"INFO","message":"Report start generated","process.thread.name":"main","log.logger":"utilities.Log"}
{"@timestamp":"2025-03-21T07:05:44.875Z","ecs.version":"1.2.0","log.level":"INFO","message":"This will run for configure the resources","process.thread.name":"main","log.logger":"utilities.Log"}
{"@timestamp":"2025-03-21T07:05:59.146Z","ecs.version":"1.2.0","log.level":"INFO","message":"Using chromedriver 134.0.6998.90 (resolved driver for Chrome 134)","process.thread.name":"main","log.logger":"io.github.bonigarcia.wdm.WebDriverManager"}
{"@timestamp":"2025-03-21T07:05:59.205Z","ecs.version":"1.2.0","log.level":"INFO","message":"Exporting webdriver.chrome.driver as C:\\Users\\Basispay\\.cache\\selenium\\chromedriver\\win64\\134.0.6998.90\\chromedriver.exe","process.thread.name":"main","log.logger":"io.github.bonigarcia.wdm.WebDriverManager"}
{"@timestamp":"2025-03-21T07:06:16.857Z","ecs.version":"1.2.0","log.level":"INFO","message":"Using chromedriver 134.0.6998.90 (resolved driver for Chrome 134)","process.thread.name":"main","log.logger":"io.github.bonigarcia.wdm.WebDriverManager"}
{"@timestamp":"2025-03-21T07:06:16.892Z","ecs.version":"1.2.0","log.level":"INFO","message":"Exporting webdriver.chrome.driver as C:\\Users\\Basispay\\.cache\\selenium\\chromedriver\\win64\\134.0.6998.90\\chromedriver.exe","process.thread.name":"main","log.logger":"io.github.bonigarcia.wdm.WebDriverManager"}
{"@timestamp":"2025-03-21T07:06:27.342Z","ecs.version":"1.2.0","log.level":"INFO","message":"===================================== Test for create Holiday TEST START=========================================","process.thread.name":"main","log.logger":"utilities.Log"}
{"@timestamp":"2025-03-21T07:06:27.758Z","ecs.version":"1.2.0","log.level":"INFO","message":"===================================== Test for create Holiday TEST END=========================================","process.thread.name":"main","log.logger":"utilities.Log"}
{"@timestamp":"2025-03-21T07:06:28.120Z","ecs.version":"1.2.0","log.level":"INFO","message":"Using chromedriver 134.0.6998.90 (resolved driver for Chrome 134)","process.thread.name":"main","log.logger":"io.github.bonigarcia.wdm.WebDriverManager"}
{"@timestamp":"2025-03-21T07:06:28.140Z","ecs.version":"1.2.0","log.level":"INFO","message":"Exporting webdriver.chrome.driver as C:\\Users\\Basispay\\.cache\\selenium\\chromedriver\\win64\\134.0.6998.90\\chromedriver.exe","process.thread.name":"main","log.logger":"io.github.bonigarcia.wdm.WebDriverManager"}
{"@timestamp":"2025-03-21T07:06:38.348Z","ecs.version":"1.2.0","log.level":"INFO","message":"===================================== Test for create Holiday TEST START=========================================","process.thread.name":"main","log.logger":"utilities.Log"}
{"@timestamp":"2025-03-21T07:06:38.801Z","ecs.version":"1.2.0","log.level":"INFO","message":"===================================== Test for create Holiday TEST END=========================================","process.thread.name":"main","log.logger":"utilities.Log"}
{"@timestamp":"2025-03-21T07:06:45.611Z","ecs.version":"1.2.0","log.level":"INFO","message":"Using chromedriver 134.0.6998.90 (resolved driver for Chrome 134)","process.thread.name":"main","log.logger":"io.github.bonigarcia.wdm.WebDriverManager"}
{"@timestamp":"2025-03-21T07:06:45.629Z","ecs.version":"1.2.0","log.level":"INFO","message":"Exporting webdriver.chrome.driver as C:\\Users\\Basispay\\.cache\\selenium\\chromedriver\\win64\\134.0.6998.90\\chromedriver.exe","process.thread.name":"main","log.logger":"io.github.bonigarcia.wdm.WebDriverManager"}
{"@timestamp":"2025-03-21T07:06:56.236Z","ecs.version":"1.2.0","log.level":"INFO","message":"===================================== Test for create Holiday TEST START=========================================","process.thread.name":"main","log.logger":"utilities.Log"}
{"@timestamp":"2025-03-21T07:06:56.788Z","ecs.version":"1.2.0","log.level":"INFO","message":"===================================== Test for create Holiday TEST END=========================================","process.thread.name":"main","log.logger":"utilities.Log"}
{"@timestamp":"2025-03-21T07:06:57.858Z","ecs.version":"1.2.0","log.level":"INFO","message":"Using chromedriver 134.0.6998.90 (resolved driver for Chrome 134)","process.thread.name":"main","log.logger":"io.github.bonigarcia.wdm.WebDriverManager"}
{"@timestamp":"2025-03-21T07:06:57.877Z","ecs.version":"1.2.0","log.level":"INFO","message":"Exporting webdriver.chrome.driver as C:\\Users\\Basispay\\.cache\\selenium\\chromedriver\\win64\\134.0.6998.90\\chromedriver.exe","process.thread.name":"main","log.logger":"io.github.bonigarcia.wdm.WebDriverManager"}
{"@timestamp":"2025-03-21T07:07:08.173Z","ecs.version":"1.2.0","log.level":"INFO","message":"===================================== Test for create Holiday TEST START=========================================","process.thread.name":"main","log.logger":"utilities.Log"}
{"@timestamp":"2025-03-21T07:07:08.627Z","ecs.version":"1.2.0","log.level":"INFO","message":"===================================== Test for create Holiday TEST END=========================================","process.thread.name":"main","log.logger":"utilities.Log"}
{"@timestamp":"2025-03-21T07:07:09.095Z","ecs.version":"1.2.0","log.level":"INFO","message":"Using chromedriver 134.0.6998.90 (resolved driver for Chrome 134)","process.thread.name":"main","log.logger":"io.github.bonigarcia.wdm.WebDriverManager"}
{"@timestamp":"2025-03-21T07:07:09.114Z","ecs.version":"1.2.0","log.level":"INFO","message":"Exporting webdriver.chrome.driver as C:\\Users\\Basispay\\.cache\\selenium\\chromedriver\\win64\\134.0.6998.90\\chromedriver.exe","process.thread.name":"main","log.logger":"io.github.bonigarcia.wdm.WebDriverManager"}
{"@timestamp":"2025-03-21T07:07:19.909Z","ecs.version":"1.2.0","log.level":"INFO","message":"===================================== Test for create Holiday TEST START=========================================","process.thread.name":"main","log.logger":"utilities.Log"}
{"@timestamp":"2025-03-21T07:07:20.414Z","ecs.version":"1.2.0","log.level":"INFO","message":"===================================== Test for create Holiday TEST END=========================================","process.thread.name":"main","log.logger":"utilities.Log"}
{"@timestamp":"2025-03-21T07:07:21.017Z","ecs.version":"1.2.0","log.level":"INFO","message":"Using chromedriver 134.0.6998.90 (resolved driver for Chrome 134)","process.thread.name":"main","log.logger":"io.github.bonigarcia.wdm.WebDriverManager"}
{"@timestamp":"2025-03-21T07:07:21.037Z","ecs.version":"1.2.0","log.level":"INFO","message":"Exporting webdriver.chrome.driver as C:\\Users\\Basispay\\.cache\\selenium\\chromedriver\\win64\\134.0.6998.90\\chromedriver.exe","process.thread.name":"main","log.logger":"io.github.bonigarcia.wdm.WebDriverManager"}
{"@timestamp":"2025-03-21T07:07:31.518Z","ecs.version":"1.2.0","log.level":"INFO","message":"===================================== Test for create Holiday TEST START=========================================","process.thread.name":"main","log.logger":"utilities.Log"}
{"@timestamp":"2025-03-21T07:07:32.025Z","ecs.version":"1.2.0","log.level":"INFO","message":"===================================== Test for create Holiday TEST END=========================================","process.thread.name":"main","log.logger":"utilities.Log"}
{"@timestamp":"2025-03-21T07:07:32.434Z","ecs.version":"1.2.0","log.level":"INFO","message":"Using chromedriver 134.0.6998.90 (resolved driver for Chrome 134)","process.thread.name":"main","log.logger":"io.github.bonigarcia.wdm.WebDriverManager"}
{"@timestamp":"2025-03-21T07:07:32.457Z","ecs.version":"1.2.0","log.level":"INFO","message":"Exporting webdriver.chrome.driver as C:\\Users\\Basispay\\.cache\\selenium\\chromedriver\\win64\\134.0.6998.90\\chromedriver.exe","process.thread.name":"main","log.logger":"io.github.bonigarcia.wdm.WebDriverManager"}
{"@timestamp":"2025-03-21T07:07:44.071Z","ecs.version":"1.2.0","log.level":"INFO","message":"===================================== Test for create Holiday TEST START=========================================","process.thread.name":"main","log.logger":"utilities.Log"}
{"@timestamp":"2025-03-21T07:07:44.593Z","ecs.version":"1.2.0","log.level":"INFO","message":"===================================== Test for create Holiday TEST END=========================================","process.thread.name":"main","log.logger":"utilities.Log"}
{"@timestamp":"2025-03-21T07:07:50.413Z","ecs.version":"1.2.0","log.level":"INFO","message":"Using chromedriver 134.0.6998.90 (resolved driver for Chrome 134)","process.thread.name":"main","log.logger":"io.github.bonigarcia.wdm.WebDriverManager"}
{"@timestamp":"2025-03-21T07:07:50.432Z","ecs.version":"1.2.0","log.level":"INFO","message":"Exporting webdriver.chrome.driver as C:\\Users\\Basispay\\.cache\\selenium\\chromedriver\\win64\\134.0.6998.90\\chromedriver.exe","process.thread.name":"main","log.logger":"io.github.bonigarcia.wdm.WebDriverManager"}
{"@timestamp":"2025-03-21T07:08:00.989Z","ecs.version":"1.2.0","log.level":"INFO","message":"===================================== Test for create Holiday TEST START=========================================","process.thread.name":"main","log.logger":"utilities.Log"}
{"@timestamp":"2025-03-21T07:08:01.424Z","ecs.version":"1.2.0","log.level":"INFO","message":"===================================== Test for create Holiday TEST END=========================================","process.thread.name":"main","log.logger":"utilities.Log"}
{"@timestamp":"2025-03-21T07:08:06.006Z","ecs.version":"1.2.0","log.level":"INFO","message":"Using chromedriver 134.0.6998.90 (resolved driver for Chrome 134)","process.thread.name":"main","log.logger":"io.github.bonigarcia.wdm.WebDriverManager"}
{"@timestamp":"2025-03-21T07:08:06.024Z","ecs.version":"1.2.0","log.level":"INFO","message":"Exporting webdriver.chrome.driver as C:\\Users\\Basispay\\.cache\\selenium\\chromedriver\\win64\\134.0.6998.90\\chromedriver.exe","process.thread.name":"main","log.logger":"io.github.bonigarcia.wdm.WebDriverManager"}
{"@timestamp":"2025-03-21T07:08:16.221Z","ecs.version":"1.2.0","log.level":"INFO","message":"===================================== Test for create Holiday TEST START=========================================","process.thread.name":"main","log.logger":"utilities.Log"}
{"@timestamp":"2025-03-21T07:08:16.680Z","ecs.version":"1.2.0","log.level":"INFO","message":"===================================== Test for create Holiday TEST END=========================================","process.thread.name":"main","log.logger":"utilities.Log"}
{"@timestamp":"2025-03-21T07:08:17.256Z","ecs.version":"1.2.0","log.level":"INFO","message":"Using chromedriver 134.0.6998.90 (resolved driver for Chrome 134)","process.thread.name":"main","log.logger":"io.github.bonigarcia.wdm.WebDriverManager"}
{"@timestamp":"2025-03-21T07:08:17.278Z","ecs.version":"1.2.0","log.level":"INFO","message":"Exporting webdriver.chrome.driver as C:\\Users\\Basispay\\.cache\\selenium\\chromedriver\\win64\\134.0.6998.90\\chromedriver.exe","process.thread.name":"main","log.logger":"io.github.bonigarcia.wdm.WebDriverManager"}
{"@timestamp":"2025-03-21T07:08:32.526Z","ecs.version":"1.2.0","log.level":"INFO","message":"Using chromedriver 134.0.6998.90 (resolved driver for Chrome 134)","process.thread.name":"main","log.logger":"io.github.bonigarcia.wdm.WebDriverManager"}
{"@timestamp":"2025-03-21T07:08:32.543Z","ecs.version":"1.2.0","log.level":"INFO","message":"Exporting webdriver.chrome.driver as C:\\Users\\Basispay\\.cache\\selenium\\chromedriver\\win64\\134.0.6998.90\\chromedriver.exe","process.thread.name":"main","log.logger":"io.github.bonigarcia.wdm.WebDriverManager"}
{"@timestamp":"2025-03-21T07:08:49.449Z","ecs.version":"1.2.0","log.level":"INFO","message":"Using geckodriver 0.36.0 (resolved driver for Firefox 136)","process.thread.name":"main","log.logger":"io.github.bonigarcia.wdm.WebDriverManager"}
{"@timestamp":"2025-03-21T07:08:49.487Z","ecs.version":"1.2.0","log.level":"INFO","message":"Exporting webdriver.gecko.driver as C:\\Users\\Basispay\\.cache\\selenium\\geckodriver\\win64\\0.36.0\\geckodriver.exe","process.thread.name":"main","log.logger":"io.github.bonigarcia.wdm.WebDriverManager"}
{"@timestamp":"2025-03-21T07:08:54.535Z","ecs.version":"1.2.0","log.level":"INFO","message":"Using chromedriver 134.0.6998.90 (resolved driver for Chrome 134)","process.thread.name":"main","log.logger":"io.github.bonigarcia.wdm.WebDriverManager"}
{"@timestamp":"2025-03-21T07:08:54.557Z","ecs.version":"1.2.0","log.level":"INFO","message":"Exporting webdriver.chrome.driver as C:\\Users\\Basispay\\.cache\\selenium\\chromedriver\\win64\\134.0.6998.90\\chromedriver.exe","process.thread.name":"main","log.logger":"io.github.bonigarcia.wdm.WebDriverManager"}
{"@timestamp":"2025-03-21T07:09:00.334Z","ecs.version":"1.2.0","log.level":"INFO","message":"Using chromedriver 134.0.6998.90 (resolved driver for Chrome 134)","process.thread.name":"main","log.logger":"io.github.bonigarcia.wdm.WebDriverManager"}
{"@timestamp":"2025-03-21T07:09:00.389Z","ecs.version":"1.2.0","log.level":"INFO","message":"Exporting webdriver.chrome.driver as C:\\Users\\Basispay\\.cache\\selenium\\chromedriver\\win64\\134.0.6998.90\\chromedriver.exe","process.thread.name":"main","log.logger":"io.github.bonigarcia.wdm.WebDriverManager"}
{"@timestamp":"2025-03-21T07:09:11.565Z","ecs.version":"1.2.0","log.level":"INFO","message":"=====================================To check the Holiday button navigation TEST START=========================================","process.thread.name":"main","log.logger":"utilities.Log"}
{"@timestamp":"2025-03-21T07:09:14.593Z","ecs.version":"1.2.0","log.level":"INFO","message":"This now rerun the failed validateTheHoliBtnTestfor check","process.thread.name":"main","log.logger":"utilities.Log"}
{"@timestamp":"2025-03-21T07:09:14.960Z","ecs.version":"1.2.0","log.level":"INFO","message":"Using chromedriver 134.0.6998.90 (resolved driver for Chrome 134)","process.thread.name":"main","log.logger":"io.github.bonigarcia.wdm.WebDriverManager"}
{"@timestamp":"2025-03-21T07:09:14.980Z","ecs.version":"1.2.0","log.level":"INFO","message":"Exporting webdriver.chrome.driver as C:\\Users\\Basispay\\.cache\\selenium\\chromedriver\\win64\\134.0.6998.90\\chromedriver.exe","process.thread.name":"main","log.logger":"io.github.bonigarcia.wdm.WebDriverManager"}
{"@timestamp":"2025-03-21T07:09:25.057Z","ecs.version":"1.2.0","log.level":"INFO","message":"=====================================To check the Holiday button navigation TEST START=========================================","process.thread.name":"main","log.logger":"utilities.Log"}
{"@timestamp":"2025-03-21T07:09:28.081Z","ecs.version":"1.2.0","log.level":"INFO","message":"This now rerun the failed validateTheHoliBtnTestfor check","process.thread.name":"main","log.logger":"utilities.Log"}
{"@timestamp":"2025-03-21T07:09:28.508Z","ecs.version":"1.2.0","log.level":"INFO","message":"Report start generated","process.thread.name":"main","log.logger":"utilities.Log"}
